<!DOCTYPE html PUBLIC "-//W3C//DTD XHTML 1.1//EN" "http://www.w3.org/TR/xhtml11/DTD/xhtml11.dtd">
<html xmlns="http://www.w3.org/1999/xhtml">
<head>
<meta http-equiv="content-type" content="text/html; charset=UTF-8"/>
<title>TestNG Report</title>
<style type="text/css">table {margin-bottom:10px;border-collapse:collapse;empty-cells:show}th,td {border:1px solid #009;padding:.25em .5em}th {vertical-align:bottom}td {vertical-align:top}table a {font-weight:bold}.stripe td {background-color: #E6EBF9}.num {text-align:right}.passedodd td {background-color: #3F3}.passedeven td {background-color: #0A0}.skippedodd td {background-color: #DDD}.skippedeven td {background-color: #CCC}.failedodd td,.attn {background-color: #F33}.failedeven td,.stripe .attn {background-color: #D00}.stacktrace {white-space:pre;font-family:monospace}.totop {font-size:85%;text-align:center;border-bottom:2px solid #000}.invisible {display:none}</style>
</head>
<body>
<table>
<tr><th>Test</th><th># Passed</th><th># Skipped</th><th># Failed</th><th>Time (ms)</th><th>Included Groups</th><th>Excluded Groups</th></tr>
<tr><th colspan="7">GETCO</th></tr>
<tr><td><a href="#t0">GETCO SANITY LOGIN</a></td><td class="num">2</td><td class="num">0</td><td class="num">0</td><td class="num">16,304</td><td></td><td></td></tr>
<tr class="stripe"><td><a href="#t1">GETCO SANITY HOMEPAGE</a></td><td class="num">1</td><td class="num">0</td><td class="num">0</td><td class="num">18,723</td><td></td><td></td></tr>
<tr><td><a href="#t2">GETCO SANITY ERROR MATRICS DEMAND</a></td><td class="num">1</td><td class="num">0</td><td class="num attn">1</td><td class="num">43,871</td><td></td><td></td></tr>
<tr class="stripe"><td><a href="#t3">GETCO SANITY ERROR MATRICS WIND</a></td><td class="num">1</td><td class="num">0</td><td class="num attn">1</td><td class="num">23,481</td><td></td><td></td></tr>
<tr><td><a href="#t4">GETCO SANITY ERROR MATRICS SOLAR</a></td><td class="num">1</td><td class="num">0</td><td class="num attn">1</td><td class="num">24,148</td><td></td><td></td></tr>
<tr class="stripe"><td><a href="#t5">GETCO SANITY FORECASTEDSCHEDULE</a></td><td class="num">0</td><td class="num">0</td><td class="num attn">1</td><td class="num">44,089</td><td></td><td></td></tr>
<tr><th>Total</th><th class="num">6</th><th class="num">0</th><th class="num attn">4</th><th class="num">170,616</th><th colspan="2"></th></tr>
</table>
<table id='summary'><thead><tr><th>Class</th><th>Method</th><th>Start</th><th>Time (ms)</th></tr></thead><tbody><tr><th colspan="4">GETCO</th></tr></tbody><tbody id="t0"><tr><th colspan="4">GETCO SANITY LOGIN &#8212; passed</th></tr><tr class="passedeven"><td rowspan="2">com.qa.getco.testcases.LoginPageTestcase</td><td><a href="#m0">applicationStarts</a></td><td rowspan="1">1562730063698</td><td rowspan="1">4974</td></tr><tr class="passedeven"><td><a href="#m1">verifyTitle</a></td><td rowspan="1">1562730063684</td><td rowspan="1">11</td></tr></tbody>
<tbody id="t1"><tr><th colspan="4">GETCO SANITY HOMEPAGE &#8212; passed</th></tr><tr class="passedeven"><td rowspan="1">com.qa.getco.testcases.HomePageTestcases</td><td><a href="#m2">TestForecastedSchedule</a></td><td rowspan="1">1562730082079</td><td rowspan="1">5383</td></tr></tbody>
<tbody id="t2"><tr><th colspan="4">GETCO SANITY ERROR MATRICS DEMAND &#8212; failed</th></tr><tr class="failedeven"><td rowspan="1">com.qa.getco.testcases.ErrormatricsTestcasesDemand</td><td><a href="#m3">errorMatricsopen</a></td><td rowspan="1">1562730105157</td><td rowspan="1">26179</td></tr><tr><th colspan="4">GETCO SANITY ERROR MATRICS DEMAND &#8212; passed</th></tr><tr class="passedeven"><td rowspan="1">com.qa.getco.testcases.ErrormatricsTestcasesDemand</td><td><a href="#m4">verifyingPage</a></td><td rowspan="1">1562730105126</td><td rowspan="1">30</td></tr></tbody>
<tbody id="t3"><tr><th colspan="4">GETCO SANITY ERROR MATRICS WIND &#8212; failed</th></tr><tr class="failedeven"><td rowspan="1">com.qa.getco.testcases.ErrormatricsTestcasesWind</td><td><a href="#m5">errorMatricsopenWind</a></td><td rowspan="1">1562730149738</td><td rowspan="1">5100</td></tr><tr><th colspan="4">GETCO SANITY ERROR MATRICS WIND &#8212; passed</th></tr><tr class="passedeven"><td rowspan="1">com.qa.getco.testcases.ErrormatricsTestcasesWind</td><td><a href="#m6">verifyingPage</a></td><td rowspan="1">1562730149707</td><td rowspan="1">30</td></tr></tbody>
<tbody id="t4"><tr><th colspan="4">GETCO SANITY ERROR MATRICS SOLAR &#8212; failed</th></tr><tr class="failedeven"><td rowspan="1">com.qa.getco.testcases.ErrormatricsTestcasesSolar</td><td><a href="#m7">errorMatricsopenSolar</a></td><td rowspan="1">1562730173942</td><td rowspan="1">5057</td></tr><tr><th colspan="4">GETCO SANITY ERROR MATRICS SOLAR &#8212; passed</th></tr><tr class="passedeven"><td rowspan="1">com.qa.getco.testcases.ErrormatricsTestcasesSolar</td><td><a href="#m8">verifyingPage</a></td><td rowspan="1">1562730173909</td><td rowspan="1">32</td></tr></tbody>
<tbody id="t5"><tr><th colspan="4">GETCO SANITY FORECASTEDSCHEDULE &#8212; failed</th></tr><tr class="failedeven"><td rowspan="1">com.qa.getco.testcases.ForecastedScheduleTestcase</td><td><a href="#m9">TestForecastedSchedule</a></td><td rowspan="1">1562730203030</td><td rowspan="1">20083</td></tr></tbody>
</table>
<h2>GETCO SANITY LOGIN</h2><h3 id="m0">com.qa.getco.testcases.LoginPageTestcase#applicationStarts</h3><table class="result"><tr><th class="invisible"/></tr></table><p class="totop"><a href="#summary">back to summary</a></p>
<h3 id="m1">com.qa.getco.testcases.LoginPageTestcase#verifyTitle</h3><table class="result"><tr><th class="invisible"/></tr></table><p class="totop"><a href="#summary">back to summary</a></p>
<h2>GETCO SANITY HOMEPAGE</h2><h3 id="m2">com.qa.getco.testcases.HomePageTestcases#TestForecastedSchedule</h3><table class="result"><tr><th class="invisible"/></tr></table><p class="totop"><a href="#summary">back to summary</a></p>
<h2>GETCO SANITY ERROR MATRICS DEMAND</h2><h3 id="m3">com.qa.getco.testcases.ErrormatricsTestcasesDemand#errorMatricsopen</h3><table class="result"><tr><th>Exception</th></tr><tr><td><div class="stacktrace">org.openqa.selenium.NoSuchElementException: no such element: Unable to locate element: {&quot;method&quot;:&quot;xpath&quot;,&quot;selector&quot;:&quot;//span[contains(text(),&apos;Select Meter Type&apos;)]&quot;}
  (Session info: chrome=75.0.3770.100)
For documentation on this error, please visit: https://www.seleniumhq.org/exceptions/no_such_element.html
Build info: version: &apos;3.141.59&apos;, revision: &apos;e82be7d358&apos;, time: &apos;2018-11-14T08:17:03&apos;
System info: host: &apos;50HERTZ-5050&apos;, ip: &apos;192.168.2.216&apos;, os.name: &apos;Windows 10&apos;, os.arch: &apos;amd64&apos;, os.version: &apos;10.0&apos;, java.version: &apos;1.8.0_211&apos;
Driver info: org.openqa.selenium.chrome.ChromeDriver
Capabilities {acceptInsecureCerts: false, browserName: chrome, browserVersion: 75.0.3770.100, chrome: {chromedriverVersion: 75.0.3770.90 (a6dcaf7e3ec6f..., userDataDir: C:\Users\MANIKA~1\AppData\L...}, goog:chromeOptions: {debuggerAddress: localhost:50111}, javascriptEnabled: true, networkConnectionEnabled: false, pageLoadStrategy: normal, platform: XP, platformName: XP, proxy: Proxy(), setWindowRect: true, strictFileInteractability: false, timeouts: {implicit: 0, pageLoad: 300000, script: 30000}, unhandledPromptBehavior: dismiss and notify}
Session ID: 40bf6f8c77bb132306a38b6b94dfdaa1
*** Element info: {Using=xpath, value=//span[contains(text(),&apos;Select Meter Type&apos;)]}
	at org.openqa.selenium.remote.http.W3CHttpResponseCodec.createException(W3CHttpResponseCodec.java:187)
	at org.openqa.selenium.remote.http.W3CHttpResponseCodec.decode(W3CHttpResponseCodec.java:122)
	at org.openqa.selenium.remote.http.W3CHttpResponseCodec.decode(W3CHttpResponseCodec.java:49)
	at org.openqa.selenium.remote.HttpCommandExecutor.execute(HttpCommandExecutor.java:158)
	at org.openqa.selenium.remote.service.DriverCommandExecutor.execute(DriverCommandExecutor.java:83)
	at org.openqa.selenium.remote.RemoteWebDriver.execute(RemoteWebDriver.java:552)
	at org.openqa.selenium.remote.RemoteWebDriver.findElement(RemoteWebDriver.java:323)
	at org.openqa.selenium.remote.RemoteWebDriver.findElementByXPath(RemoteWebDriver.java:428)
	at org.openqa.selenium.By$ByXPath.findElement(By.java:353)
	at org.openqa.selenium.remote.RemoteWebDriver.findElement(RemoteWebDriver.java:315)
	at org.openqa.selenium.support.pagefactory.DefaultElementLocator.findElement(DefaultElementLocator.java:69)
	at org.openqa.selenium.support.pagefactory.internal.LocatingElementHandler.invoke(LocatingElementHandler.java:38)
	at com.sun.proxy.$Proxy9.click(Unknown Source)
	at com.qa.getco.pages.ErrorMatricsPage.ErrorMatricsDemand(ErrorMatricsPage.java:130)
	at com.qa.getco.testcases.ErrormatricsTestcasesDemand.errorMatricsopen(ErrormatricsTestcasesDemand.java:42)
... Removed 29 stack frames</div></td></tr></table><p class="totop"><a href="#summary">back to summary</a></p>
<h3 id="m4">com.qa.getco.testcases.ErrormatricsTestcasesDemand#verifyingPage</h3><table class="result"><tr><th class="invisible"/></tr></table><p class="totop"><a href="#summary">back to summary</a></p>
<h2>GETCO SANITY ERROR MATRICS WIND</h2><h3 id="m5">com.qa.getco.testcases.ErrormatricsTestcasesWind#errorMatricsopenWind</h3><table class="result"><tr><th>Exception</th></tr><tr><td><div class="stacktrace">org.openqa.selenium.ElementClickInterceptedException: element click intercepted: Element &lt;button class=&quot;btn btn-primary btn-icon icon-sm fa fa-filter add-tooltip pull-left filterBtn&quot; data-placement=&quot;right&quot; data-toggle=&quot;tooltip&quot; data-original-title=&quot;Filter&quot; style=&quot;margin-top: 10px; margin-left: 10px;&quot;&gt;&lt;/button&gt; is not clickable at point (400, 95). Other element would receive the click: &lt;div id=&quot;loadingWait&quot; title=&quot;Please Wait...&quot;&gt;...&lt;/div&gt;
  (Session info: chrome=75.0.3770.100)
Build info: version: &apos;3.141.59&apos;, revision: &apos;e82be7d358&apos;, time: &apos;2018-11-14T08:17:03&apos;
System info: host: &apos;50HERTZ-5050&apos;, ip: &apos;192.168.2.216&apos;, os.name: &apos;Windows 10&apos;, os.arch: &apos;amd64&apos;, os.version: &apos;10.0&apos;, java.version: &apos;1.8.0_211&apos;
Driver info: org.openqa.selenium.chrome.ChromeDriver
Capabilities {acceptInsecureCerts: false, browserName: chrome, browserVersion: 75.0.3770.100, chrome: {chromedriverVersion: 75.0.3770.90 (a6dcaf7e3ec6f..., userDataDir: C:\Users\MANIKA~1\AppData\L...}, goog:chromeOptions: {debuggerAddress: localhost:50136}, javascriptEnabled: true, networkConnectionEnabled: false, pageLoadStrategy: normal, platform: XP, platformName: XP, proxy: Proxy(), setWindowRect: true, strictFileInteractability: false, timeouts: {implicit: 0, pageLoad: 300000, script: 30000}, unhandledPromptBehavior: dismiss and notify}
Session ID: 4f6b5ed59e5e37879a39aaab25086d0b
	at org.openqa.selenium.remote.http.W3CHttpResponseCodec.createException(W3CHttpResponseCodec.java:187)
	at org.openqa.selenium.remote.http.W3CHttpResponseCodec.decode(W3CHttpResponseCodec.java:122)
	at org.openqa.selenium.remote.http.W3CHttpResponseCodec.decode(W3CHttpResponseCodec.java:49)
	at org.openqa.selenium.remote.HttpCommandExecutor.execute(HttpCommandExecutor.java:158)
	at org.openqa.selenium.remote.service.DriverCommandExecutor.execute(DriverCommandExecutor.java:83)
	at org.openqa.selenium.remote.RemoteWebDriver.execute(RemoteWebDriver.java:552)
	at org.openqa.selenium.remote.RemoteWebElement.execute(RemoteWebElement.java:285)
	at org.openqa.selenium.remote.RemoteWebElement.click(RemoteWebElement.java:84)
	at org.openqa.selenium.support.pagefactory.internal.LocatingElementHandler.invoke(LocatingElementHandler.java:51)
	at com.sun.proxy.$Proxy9.click(Unknown Source)
	at com.qa.getco.pages.ErrorMatricsPage.ErrorMatricsWind(ErrorMatricsPage.java:370)
	at com.qa.getco.testcases.ErrormatricsTestcasesWind.errorMatricsopenWind(ErrormatricsTestcasesWind.java:39)
... Removed 32 stack frames</div></td></tr></table><p class="totop"><a href="#summary">back to summary</a></p>
<h3 id="m6">com.qa.getco.testcases.ErrormatricsTestcasesWind#verifyingPage</h3><table class="result"><tr><th class="invisible"/></tr></table><p class="totop"><a href="#summary">back to summary</a></p>
<h2>GETCO SANITY ERROR MATRICS SOLAR</h2><h3 id="m7">com.qa.getco.testcases.ErrormatricsTestcasesSolar#errorMatricsopenSolar</h3><table class="result"><tr><th>Exception</th></tr><tr><td><div class="stacktrace">org.openqa.selenium.ElementClickInterceptedException: element click intercepted: Element &lt;button class=&quot;btn btn-primary btn-icon icon-sm fa fa-filter add-tooltip pull-left filterBtn&quot; data-placement=&quot;right&quot; data-toggle=&quot;tooltip&quot; data-original-title=&quot;Filter&quot; style=&quot;margin-top: 10px; margin-left: 10px;&quot;&gt;&lt;/button&gt; is not clickable at point (400, 95). Other element would receive the click: &lt;div id=&quot;loadingWait&quot; title=&quot;Please Wait...&quot;&gt;...&lt;/div&gt;
  (Session info: chrome=75.0.3770.100)
Build info: version: &apos;3.141.59&apos;, revision: &apos;e82be7d358&apos;, time: &apos;2018-11-14T08:17:03&apos;
System info: host: &apos;50HERTZ-5050&apos;, ip: &apos;192.168.2.216&apos;, os.name: &apos;Windows 10&apos;, os.arch: &apos;amd64&apos;, os.version: &apos;10.0&apos;, java.version: &apos;1.8.0_211&apos;
Driver info: org.openqa.selenium.chrome.ChromeDriver
Capabilities {acceptInsecureCerts: false, browserName: chrome, browserVersion: 75.0.3770.100, chrome: {chromedriverVersion: 75.0.3770.90 (a6dcaf7e3ec6f..., userDataDir: C:\Users\MANIKA~1\AppData\L...}, goog:chromeOptions: {debuggerAddress: localhost:50158}, javascriptEnabled: true, networkConnectionEnabled: false, pageLoadStrategy: normal, platform: XP, platformName: XP, proxy: Proxy(), setWindowRect: true, strictFileInteractability: false, timeouts: {implicit: 0, pageLoad: 300000, script: 30000}, unhandledPromptBehavior: dismiss and notify}
Session ID: b61905695d1be7ae4557004935507de7
	at org.openqa.selenium.remote.http.W3CHttpResponseCodec.createException(W3CHttpResponseCodec.java:187)
	at org.openqa.selenium.remote.http.W3CHttpResponseCodec.decode(W3CHttpResponseCodec.java:122)
	at org.openqa.selenium.remote.http.W3CHttpResponseCodec.decode(W3CHttpResponseCodec.java:49)
	at org.openqa.selenium.remote.HttpCommandExecutor.execute(HttpCommandExecutor.java:158)
	at org.openqa.selenium.remote.service.DriverCommandExecutor.execute(DriverCommandExecutor.java:83)
	at org.openqa.selenium.remote.RemoteWebDriver.execute(RemoteWebDriver.java:552)
	at org.openqa.selenium.remote.RemoteWebElement.execute(RemoteWebElement.java:285)
	at org.openqa.selenium.remote.RemoteWebElement.click(RemoteWebElement.java:84)
	at org.openqa.selenium.support.pagefactory.internal.LocatingElementHandler.invoke(LocatingElementHandler.java:51)
	at com.sun.proxy.$Proxy9.click(Unknown Source)
	at com.qa.getco.pages.ErrorMatricsPage.ErrorMatricsSolar(ErrorMatricsPage.java:708)
	at com.qa.getco.testcases.ErrormatricsTestcasesSolar.errorMatricsopenSolar(ErrormatricsTestcasesSolar.java:39)
... Removed 32 stack frames</div></td></tr></table><p class="totop"><a href="#summary">back to summary</a></p>
<h3 id="m8">com.qa.getco.testcases.ErrormatricsTestcasesSolar#verifyingPage</h3><table class="result"><tr><th class="invisible"/></tr></table><p class="totop"><a href="#summary">back to summary</a></p>
<h2>GETCO SANITY FORECASTEDSCHEDULE</h2><h3 id="m9">com.qa.getco.testcases.ForecastedScheduleTestcase#TestForecastedSchedule</h3><table class="result"><tr><th>Exception</th></tr><tr><td><div class="stacktrace">org.openqa.selenium.NoSuchElementException: no such element: Unable to locate element: {&quot;method&quot;:&quot;xpath&quot;,&quot;selector&quot;:&quot;//span[contains(text(),&apos;Select Utility&apos;)]&quot;}
  (Session info: chrome=75.0.3770.100)
For documentation on this error, please visit: https://www.seleniumhq.org/exceptions/no_such_element.html
Build info: version: &apos;3.141.59&apos;, revision: &apos;e82be7d358&apos;, time: &apos;2018-11-14T08:17:03&apos;
System info: host: &apos;50HERTZ-5050&apos;, ip: &apos;192.168.2.216&apos;, os.name: &apos;Windows 10&apos;, os.arch: &apos;amd64&apos;, os.version: &apos;10.0&apos;, java.version: &apos;1.8.0_211&apos;
Driver info: org.openqa.selenium.chrome.ChromeDriver
Capabilities {acceptInsecureCerts: false, browserName: chrome, browserVersion: 75.0.3770.100, chrome: {chromedriverVersion: 75.0.3770.90 (a6dcaf7e3ec6f..., userDataDir: C:\Users\MANIKA~1\AppData\L...}, goog:chromeOptions: {debuggerAddress: localhost:50181}, javascriptEnabled: true, networkConnectionEnabled: false, pageLoadStrategy: normal, platform: XP, platformName: XP, proxy: Proxy(), setWindowRect: true, strictFileInteractability: false, timeouts: {implicit: 0, pageLoad: 300000, script: 30000}, unhandledPromptBehavior: dismiss and notify}
Session ID: 0db69e0b95e0898538e90595729e6cb6
*** Element info: {Using=xpath, value=//span[contains(text(),&apos;Select Utility&apos;)]}
	at org.openqa.selenium.remote.http.W3CHttpResponseCodec.createException(W3CHttpResponseCodec.java:187)
	at org.openqa.selenium.remote.http.W3CHttpResponseCodec.decode(W3CHttpResponseCodec.java:122)
	at org.openqa.selenium.remote.http.W3CHttpResponseCodec.decode(W3CHttpResponseCodec.java:49)
	at org.openqa.selenium.remote.HttpCommandExecutor.execute(HttpCommandExecutor.java:158)
	at org.openqa.selenium.remote.service.DriverCommandExecutor.execute(DriverCommandExecutor.java:83)
	at org.openqa.selenium.remote.RemoteWebDriver.execute(RemoteWebDriver.java:552)
	at org.openqa.selenium.remote.RemoteWebDriver.findElement(RemoteWebDriver.java:323)
	at org.openqa.selenium.remote.RemoteWebDriver.findElementByXPath(RemoteWebDriver.java:428)
	at org.openqa.selenium.By$ByXPath.findElement(By.java:353)
	at org.openqa.selenium.remote.RemoteWebDriver.findElement(RemoteWebDriver.java:315)
	at org.openqa.selenium.support.pagefactory.DefaultElementLocator.findElement(DefaultElementLocator.java:69)
	at org.openqa.selenium.support.pagefactory.internal.LocatingElementHandler.invoke(LocatingElementHandler.java:38)
	at com.sun.proxy.$Proxy9.click(Unknown Source)
	at com.qa.getco.pages.ForecastedSchedulePage.selectUtility(ForecastedSchedulePage.java:69)
	at com.qa.getco.testcases.ForecastedScheduleTestcase.TestForecastedSchedule(ForecastedScheduleTestcase.java:38)
... Removed 29 stack frames</div></td></tr></table><p class="totop"><a href="#summary">back to summary</a></p>
</body>
</html>
